<?xml version="1.0" encoding="UTF-8"?>
<!-- Generated by org.testng.reporters.JUnitReportReporter -->
<testsuite hostname="USER-20180602NR" name="cn.Test.EmailTest" tests="1" failures="0" timestamp="19 Feb 2020 02:11:07 GMT" time="24.055" errors="0">
  <testcase name="Login" time="24.055" classname="cn.Test.EmailTest"/>
</testsuite> <!-- cn.Test.EmailTest -->
