<?xml version="1.0" encoding="UTF-8"?>
<!-- Generated by org.testng.reporters.JUnitReportReporter -->
<testsuite hostname="USER-20180602NR" name="cn.Test.EmailTest" tests="1" failures="0" timestamp="18 Feb 2020 06:31:09 GMT" time="20.333" errors="0">
  <testcase name="Login" time="20.333" classname="cn.Test.EmailTest"/>
</testsuite> <!-- cn.Test.EmailTest -->
